********************************************************************************
DUPLICATOR-LITE PACKAGE-LOG: 19.12.2023 12:15
NOTICE: Do NOT post to public sites or forums 
********************************************************************************
VERSION:	1.5.7.1
WORDPRESS:	6.4.2
PHP INFO:	8.2.0 | SAPI: apache2handler
SERVER:		Apache/2.4.54 (Unix) mod_fastcgi/mod_fastcgi-SNAP-0910052141 PHP/8.2.0 OpenSSL/1.0.2u mod_wsgi/3.5 Python/2.7.18 
PHP TIME LIMIT: (0) no time limit imposed 
PHP MAX MEMORY: 4294967296 (128M default) 
MEMORY STACK: 95MB

********************************************************************************
DATABASE:
********************************************************************************
BUILD MODE:   PHP(query limit - 100)
MYSQLTIMEOUT: 5000
MYSQLDUMP:    Is Supported
TABLES: total:47 | filtered:0 | create:47
FILTERED: []
SQL CREATED: 20231219_raskladushkioptom_a31ef66b86b54e242409_20231219121543_database.sql
SQL FILE SIZE: 2.21MB (2313170)
SQL FILE TIME: 2023-12-19 12:15:50
SQL RUNTIME: 0.32 sec.

********************************************************************************
ARCHIVE (ZIP):
********************************************************************************
ARCHIVE DIR:  /Users/gamletel/Sites/6403
ARCHIVE FILE: 20231219_raskladushkioptom_a31ef66b86b54e242409_20231219121543_archive.zip
FILTERS: *OFF*
DIRS:
	not set
FILES:
	not set
EXTS:  not set
----------------------------------------
COMPRESSING
SIZE:	172.1MB
STATS:	Dirs 2,033 | Files 12,157
SQL ADDED: 20231219_raskladushkioptom_a31ef66b86b54e242409_20231219121543_database.sql
ZipArchive Object
(
    [lastId] => 14189
    [status] => 0
    [statusSys] => 0
    [numFiles] => 14190
    [filename] => /Users/gamletel/Sites/6403/wp-content/backups-dup-lite/tmp/20231219_raskladushkioptom_a31ef66b86b54e242409_20231219121543_archive.zip
    [comment] => 
)

FILE ADDED TO ZIP: 14189
COMPRESSION RESULT: '1'
COMPRESSED SIZE: 69.97MB
ARCHIVE RUNTIME: 16.52 sec.
MEMORY STACK: 99MB
building installer
ARCHIVE CONSISTENCY TEST: PASS

********************************************************************************
INTEGRITY CHECKS:
********************************************************************************
SQL FILE: 2.21MB
INSTALLER FILE: 73.48KB
ARCHIVE FILE: 71.99MB 
ОЖИДАЕМОЕ КОЛИЧЕСТВО ФАЙЛОВ/КАТОЛОГ: 14,190
ФАКТИЧЕСКОЕ КОЛИЧЕСТВО ФАЙЛОВ/КАТАЛОГОВ: 14,189
ТЕСТ ЛОГИКИ АРХИВА: Пройден

********************************************************************************
RECORD ID:[1]
TOTAL PROCESS RUNTIME: 22.26 sec.
PEAK PHP MEMORY USED: 101MB
DONE PROCESSING => 20231219_raskladushkioptom 19.12.2023 12:16

